<?xml version="1.0" encoding="UTF-8"?>
<!-- Generated by org.testng.reporters.JUnitXMLReporter -->
<testsuite ignored="1" hostname="BlunderMaster69" failures="0" tests="10" name="BookingAPITests" time="18.282" errors="0" timestamp="2025-06-26T01:22:55 IST">
  <testcase classname="API_Test.HotelTestUsingPropertiesFile" name="createBooking" time="4.61"/>
  <testcase classname="API_Test.HotelTestUsingPropertiesFile" name="createBooking" time="1.401"/>
  <testcase classname="API_Test.HotelTestUsingPropertiesFile" name="createBooking" time="1.41"/>
  <testcase classname="API_Test.HotelTestUsingPropertiesFile" name="createBooking" time="1.375"/>
  <testcase classname="API_Test.HotelTestUsingPropertiesFile" name="createBooking" time="1.372"/>
  <testcase classname="API_Test.HotelTestUsingPropertiesFile" name="checkUserByname" time="1.396"/>
  <testcase classname="API_Test.HotelTestUsingPropertiesFile" name="checkUserByname" time="1.48"/>
  <testcase classname="API_Test.HotelTestUsingPropertiesFile" name="checkUserByname" time="1.371"/>
  <testcase classname="API_Test.HotelTestUsingPropertiesFile" name="checkUserByname" time="1.442"/>
  <testcase classname="API_Test.HotelTestUsingPropertiesFile" name="checkUserByname" time="1.385"/>
  <testcase classname="API_Test.HotelTestUsingPropertiesFile" name="createBookingXML" time="0.0">
    <ignored/>
  </testcase> <!-- createBookingXML -->
</testsuite> <!-- BookingAPITests -->
