<?xml version="1.0" encoding="UTF-8"?>
<!-- Generated by org.testng.reporters.JUnitXMLReporter -->
<testsuite ignored="1" hostname="BlunderMaster69" failures="0" tests="5" name="BookingAPITests" time="11.194" errors="0" timestamp="2025-06-20T01:27:31 IST">
  <testcase classname="API_Test.HotelTestUsingPropertiesFile" name="createBooking" time="4.009"/>
  <testcase classname="API_Test.HotelTestUsingPropertiesFile" name="createBooking" time="1.633"/>
  <testcase classname="API_Test.HotelTestUsingPropertiesFile" name="createBooking" time="1.604"/>
  <testcase classname="API_Test.HotelTestUsingPropertiesFile" name="createBooking" time="1.598"/>
  <testcase classname="API_Test.HotelTestUsingPropertiesFile" name="createBooking" time="1.367"/>
  <testcase classname="API_Test.HotelTestUsingPropertiesFile" name="createBookingXML" time="0.0">
    <ignored/>
  </testcase> <!-- createBookingXML -->
</testsuite> <!-- BookingAPITests -->
