<?xml version="1.0" encoding="UTF-8"?>
<!-- Generated by org.testng.reporters.JUnitXMLReporter -->
<testsuite ignored="1" hostname="BlunderMaster69" failures="0" tests="5" name="Surefire test" time="10.485" errors="0" timestamp="2025-06-19T01:02:08 IST">
  <testcase classname="API_Test.HotelTest" name="createBooking" time="4.146"/>
  <testcase classname="API_Test.HotelTest" name="createBooking" time="1.286"/>
  <testcase classname="API_Test.HotelTest" name="createBooking" time="1.337"/>
  <testcase classname="API_Test.HotelTest" name="createBooking" time="1.293"/>
  <testcase classname="API_Test.HotelTest" name="createBooking" time="1.358"/>
  <testcase classname="API_Test.HotelTest" name="createBookingXML" time="0.0">
    <ignored/>
  </testcase> <!-- createBookingXML -->
</testsuite> <!-- Surefire test -->
