<?xml version="1.0" encoding="UTF-8"?>
<!-- Generated by org.testng.reporters.JUnitXMLReporter -->
<testsuite ignored="1" hostname="BlunderMaster69" failures="0" tests="10" name="Default test" time="17.18" errors="0" timestamp="2025-06-25T01:51:35 IST">
  <testcase classname="API_Test.HotelTestUsingPropertiesFile" name="createBooking" time="3.666"/>
  <testcase classname="API_Test.HotelTestUsingPropertiesFile" name="createBooking" time="1.351"/>
  <testcase classname="API_Test.HotelTestUsingPropertiesFile" name="createBooking" time="1.37"/>
  <testcase classname="API_Test.HotelTestUsingPropertiesFile" name="createBooking" time="1.415"/>
  <testcase classname="API_Test.HotelTestUsingPropertiesFile" name="createBooking" time="1.417"/>
  <testcase classname="API_Test.HotelTestUsingPropertiesFile" name="checkUserByname" time="1.415"/>
  <testcase classname="API_Test.HotelTestUsingPropertiesFile" name="checkUserByname" time="1.393"/>
  <testcase classname="API_Test.HotelTestUsingPropertiesFile" name="checkUserByname" time="1.359"/>
  <testcase classname="API_Test.HotelTestUsingPropertiesFile" name="checkUserByname" time="1.42"/>
  <testcase classname="API_Test.HotelTestUsingPropertiesFile" name="checkUserByname" time="1.411"/>
  <testcase classname="API_Test.HotelTestUsingPropertiesFile" name="createBookingXML" time="0.0">
    <ignored/>
  </testcase> <!-- createBookingXML -->
</testsuite> <!-- Default test -->
