<?xml version="1.0" encoding="UTF-8"?>
<!-- Generated by org.testng.reporters.JUnitXMLReporter -->
<testsuite ignored="1" hostname="BlunderMaster69" failures="0" tests="5" name="Default test" time="10.193" errors="0" timestamp="2025-06-13T02:03:45 IST">
  <testcase classname="API_Test.HotelTest" name="createBooking" time="3.804"/>
  <testcase classname="API_Test.HotelTest" name="createBooking" time="1.354"/>
  <testcase classname="API_Test.HotelTest" name="createBooking" time="1.386"/>
  <testcase classname="API_Test.HotelTest" name="createBooking" time="1.301"/>
  <testcase classname="API_Test.HotelTest" name="createBooking" time="1.362"/>
  <testcase classname="API_Test.HotelTest" name="createBookingXML" time="0.0">
    <ignored/>
  </testcase> <!-- createBookingXML -->
</testsuite> <!-- Default test -->
