<?xml version="1.0" encoding="UTF-8"?>
<testng-results ignored="1" total="6" passed="5" failed="0" skipped="0">
  <reporter-output>
  </reporter-output>
  <suite started-at="2025-06-19T01:01:58 IST" name="Surefire suite" finished-at="2025-06-19T01:02:08 IST" duration-ms="10485">
    <groups>
    </groups>
    <test started-at="2025-06-19T01:01:58 IST" name="Surefire test" finished-at="2025-06-19T01:02:08 IST" duration-ms="10485">
      <class name="API_Test.HotelTest">
        <test-method signature="createBooking(API_Payload.HotelPojo)[pri:0, instance:API_Test.HotelTest@419c5f1a]" started-at="2025-06-19T01:01:59 IST" name="createBooking" data-provider="BookingDataProvider" finished-at="2025-06-19T01:02:03 IST" duration-ms="4146" status="PASS">
          <params>
            <param index="0">
              <value>
                <![CDATA[HotelPojo{firstname='Sam', lastname='biswas', totalprice=102, depositpaid=true, bookingdates={checkin='2018-01-01', checkout='2018-01-01'}, additionalneeds='Breakfast'}]]>
              </value>
            </param>
          </params>
          <reporter-output>
          </reporter-output>
        </test-method> <!-- createBooking -->
        <test-method signature="createBooking(API_Payload.HotelPojo)[pri:0, instance:API_Test.HotelTest@419c5f1a]" started-at="2025-06-19T01:02:03 IST" name="createBooking" data-provider="BookingDataProvider" finished-at="2025-06-19T01:02:04 IST" duration-ms="1286" status="PASS">
          <params>
            <param index="0">
              <value>
                <![CDATA[HotelPojo{firstname='Jam', lastname='hishas', totalprice=103, depositpaid=false, bookingdates={checkin='2018-01-02', checkout='2018-01-02'}, additionalneeds='Lunch'}]]>
              </value>
            </param>
          </params>
          <reporter-output>
          </reporter-output>
        </test-method> <!-- createBooking -->
        <test-method signature="createBooking(API_Payload.HotelPojo)[pri:0, instance:API_Test.HotelTest@419c5f1a]" started-at="2025-06-19T01:02:04 IST" name="createBooking" data-provider="BookingDataProvider" finished-at="2025-06-19T01:02:06 IST" duration-ms="1337" status="PASS">
          <params>
            <param index="0">
              <value>
                <![CDATA[HotelPojo{firstname='Ram', lastname='Liswas', totalprice=104, depositpaid=true, bookingdates={checkin='2018-01-03', checkout='2018-01-03'}, additionalneeds='Dinner'}]]>
              </value>
            </param>
          </params>
          <reporter-output>
          </reporter-output>
        </test-method> <!-- createBooking -->
        <test-method signature="createBooking(API_Payload.HotelPojo)[pri:0, instance:API_Test.HotelTest@419c5f1a]" started-at="2025-06-19T01:02:06 IST" name="createBooking" data-provider="BookingDataProvider" finished-at="2025-06-19T01:02:07 IST" duration-ms="1293" status="PASS">
          <params>
            <param index="0">
              <value>
                <![CDATA[HotelPojo{firstname='Cam', lastname='Kiswas', totalprice=105, depositpaid=false, bookingdates={checkin='2018-01-04', checkout='2018-01-04'}, additionalneeds='Supper'}]]>
              </value>
            </param>
          </params>
          <reporter-output>
          </reporter-output>
        </test-method> <!-- createBooking -->
        <test-method signature="createBooking(API_Payload.HotelPojo)[pri:0, instance:API_Test.HotelTest@419c5f1a]" started-at="2025-06-19T01:02:07 IST" name="createBooking" data-provider="BookingDataProvider" finished-at="2025-06-19T01:02:08 IST" duration-ms="1358" status="PASS">
          <params>
            <param index="0">
              <value>
                <![CDATA[HotelPojo{firstname='Lam', lastname='Niswas', totalprice=106, depositpaid=true, bookingdates={checkin='2018-01-05', checkout='2018-01-05'}, additionalneeds='Tiffin'}]]>
              </value>
            </param>
          </params>
          <reporter-output>
          </reporter-output>
        </test-method> <!-- createBooking -->
      </class> <!-- API_Test.HotelTest -->
    </test> <!-- Surefire test -->
  </suite> <!-- Surefire suite -->
</testng-results>
