<?xml version="1.0" encoding="UTF-8"?>
<testng-results ignored="1" total="11" passed="10" failed="0" skipped="0">
  <reporter-output>
  </reporter-output>
  <suite started-at="2025-06-26T01:22:36 IST" name="HotelBookingAPIAutomationSuite" finished-at="2025-06-26T01:22:54 IST" duration-ms="18282">
    <groups>
    </groups>
    <test started-at="2025-06-26T01:22:36 IST" name="BookingAPITests" finished-at="2025-06-26T01:22:54 IST" duration-ms="18282">
      <class name="API_Test.HotelTestUsingPropertiesFile">
        <test-method signature="createBooking(API_Payload.HotelPojo)[pri:1, instance:API_Test.HotelTestUsingPropertiesFile@9353778]" started-at="2025-06-26T01:22:37 IST" name="createBooking" data-provider="BookingDataProvider" finished-at="2025-06-26T01:22:42 IST" duration-ms="4610" status="PASS">
          <params>
            <param index="0">
              <value>
                <![CDATA[HotelPojo{firstname='Sam', lastname='biswas', totalprice=102, depositpaid=true, bookingdates={checkin='2018-01-01', checkout='2018-01-01'}, additionalneeds='Breakfast'}]]>
              </value>
            </param>
          </params>
          <reporter-output>
          </reporter-output>
        </test-method> <!-- createBooking -->
        <test-method signature="createBooking(API_Payload.HotelPojo)[pri:1, instance:API_Test.HotelTestUsingPropertiesFile@9353778]" started-at="2025-06-26T01:22:42 IST" name="createBooking" data-provider="BookingDataProvider" finished-at="2025-06-26T01:22:43 IST" duration-ms="1401" status="PASS">
          <params>
            <param index="0">
              <value>
                <![CDATA[HotelPojo{firstname='Jam', lastname='hishas', totalprice=103, depositpaid=false, bookingdates={checkin='2018-01-02', checkout='2018-01-02'}, additionalneeds='Lunch'}]]>
              </value>
            </param>
          </params>
          <reporter-output>
          </reporter-output>
        </test-method> <!-- createBooking -->
        <test-method signature="createBooking(API_Payload.HotelPojo)[pri:1, instance:API_Test.HotelTestUsingPropertiesFile@9353778]" started-at="2025-06-26T01:22:43 IST" name="createBooking" data-provider="BookingDataProvider" finished-at="2025-06-26T01:22:45 IST" duration-ms="1410" status="PASS">
          <params>
            <param index="0">
              <value>
                <![CDATA[HotelPojo{firstname='Ram', lastname='Liswas', totalprice=104, depositpaid=true, bookingdates={checkin='2018-01-03', checkout='2018-01-03'}, additionalneeds='Dinner'}]]>
              </value>
            </param>
          </params>
          <reporter-output>
          </reporter-output>
        </test-method> <!-- createBooking -->
        <test-method signature="createBooking(API_Payload.HotelPojo)[pri:1, instance:API_Test.HotelTestUsingPropertiesFile@9353778]" started-at="2025-06-26T01:22:45 IST" name="createBooking" data-provider="BookingDataProvider" finished-at="2025-06-26T01:22:46 IST" duration-ms="1375" status="PASS">
          <params>
            <param index="0">
              <value>
                <![CDATA[HotelPojo{firstname='Cam', lastname='Kiswas', totalprice=105, depositpaid=false, bookingdates={checkin='2018-01-04', checkout='2018-01-04'}, additionalneeds='Supper'}]]>
              </value>
            </param>
          </params>
          <reporter-output>
          </reporter-output>
        </test-method> <!-- createBooking -->
        <test-method signature="createBooking(API_Payload.HotelPojo)[pri:1, instance:API_Test.HotelTestUsingPropertiesFile@9353778]" started-at="2025-06-26T01:22:46 IST" name="createBooking" data-provider="BookingDataProvider" finished-at="2025-06-26T01:22:47 IST" duration-ms="1372" status="PASS">
          <params>
            <param index="0">
              <value>
                <![CDATA[HotelPojo{firstname='Lam', lastname='Niswas', totalprice=106, depositpaid=true, bookingdates={checkin='2018-01-05', checkout='2018-01-05'}, additionalneeds='Tiffin'}]]>
              </value>
            </param>
          </params>
          <reporter-output>
          </reporter-output>
        </test-method> <!-- createBooking -->
        <test-method signature="checkUserByname(API_Payload.HotelPojo)[pri:2, instance:API_Test.HotelTestUsingPropertiesFile@9353778]" started-at="2025-06-26T01:22:47 IST" name="checkUserByname" data-provider="BookingDataProvider" finished-at="2025-06-26T01:22:49 IST" duration-ms="1396" status="PASS">
          <params>
            <param index="0">
              <value>
                <![CDATA[HotelPojo{firstname='Sam', lastname='biswas', totalprice=102, depositpaid=true, bookingdates={checkin='2018-01-01', checkout='2018-01-01'}, additionalneeds='Breakfast'}]]>
              </value>
            </param>
          </params>
          <reporter-output>
          </reporter-output>
        </test-method> <!-- checkUserByname -->
        <test-method signature="checkUserByname(API_Payload.HotelPojo)[pri:2, instance:API_Test.HotelTestUsingPropertiesFile@9353778]" started-at="2025-06-26T01:22:49 IST" name="checkUserByname" data-provider="BookingDataProvider" finished-at="2025-06-26T01:22:50 IST" duration-ms="1480" status="PASS">
          <params>
            <param index="0">
              <value>
                <![CDATA[HotelPojo{firstname='Jam', lastname='hishas', totalprice=103, depositpaid=false, bookingdates={checkin='2018-01-02', checkout='2018-01-02'}, additionalneeds='Lunch'}]]>
              </value>
            </param>
          </params>
          <reporter-output>
          </reporter-output>
        </test-method> <!-- checkUserByname -->
        <test-method signature="checkUserByname(API_Payload.HotelPojo)[pri:2, instance:API_Test.HotelTestUsingPropertiesFile@9353778]" started-at="2025-06-26T01:22:50 IST" name="checkUserByname" data-provider="BookingDataProvider" finished-at="2025-06-26T01:22:52 IST" duration-ms="1371" status="PASS">
          <params>
            <param index="0">
              <value>
                <![CDATA[HotelPojo{firstname='Ram', lastname='Liswas', totalprice=104, depositpaid=true, bookingdates={checkin='2018-01-03', checkout='2018-01-03'}, additionalneeds='Dinner'}]]>
              </value>
            </param>
          </params>
          <reporter-output>
          </reporter-output>
        </test-method> <!-- checkUserByname -->
        <test-method signature="checkUserByname(API_Payload.HotelPojo)[pri:2, instance:API_Test.HotelTestUsingPropertiesFile@9353778]" started-at="2025-06-26T01:22:52 IST" name="checkUserByname" data-provider="BookingDataProvider" finished-at="2025-06-26T01:22:53 IST" duration-ms="1442" status="PASS">
          <params>
            <param index="0">
              <value>
                <![CDATA[HotelPojo{firstname='Cam', lastname='Kiswas', totalprice=105, depositpaid=false, bookingdates={checkin='2018-01-04', checkout='2018-01-04'}, additionalneeds='Supper'}]]>
              </value>
            </param>
          </params>
          <reporter-output>
          </reporter-output>
        </test-method> <!-- checkUserByname -->
        <test-method signature="checkUserByname(API_Payload.HotelPojo)[pri:2, instance:API_Test.HotelTestUsingPropertiesFile@9353778]" started-at="2025-06-26T01:22:53 IST" name="checkUserByname" data-provider="BookingDataProvider" finished-at="2025-06-26T01:22:54 IST" duration-ms="1385" status="PASS">
          <params>
            <param index="0">
              <value>
                <![CDATA[HotelPojo{firstname='Lam', lastname='Niswas', totalprice=106, depositpaid=true, bookingdates={checkin='2018-01-05', checkout='2018-01-05'}, additionalneeds='Tiffin'}]]>
              </value>
            </param>
          </params>
          <reporter-output>
          </reporter-output>
        </test-method> <!-- checkUserByname -->
      </class> <!-- API_Test.HotelTestUsingPropertiesFile -->
    </test> <!-- BookingAPITests -->
  </suite> <!-- HotelBookingAPIAutomationSuite -->
</testng-results>
